<?xml version="1.0" encoding="UTF-8"?>
<!-- Generated by org.testng.reporters.JUnitReportReporter -->
<testsuite hostname="DESKTOP-I50VSOQ" failures="0" tests="1" name="seleniumPractice.ParallelExecution" time="0.031" errors="0" timestamp="2025-04-29T18:51:42 PDT" skipped="0">
  <testcase classname="seleniumPractice.ParallelExecution" name="perform" time="0.031"/>
  <system-out/>
</testsuite> <!-- seleniumPractice.ParallelExecution -->
