<?xml version="1.0" encoding="UTF-8"?>
<!-- Generated by org.testng.reporters.JUnitReportReporter -->
<testsuite hostname="DESKTOP-I50VSOQ" failures="0" tests="1" name="testBase.SeleniumGridDocker" time="5.008" errors="0" timestamp="2025-05-05T21:16:09 PDT" skipped="0">
  <testcase classname="testBase.SeleniumGridDocker" name="browseInitialization" time="5.008"/>
  <system-out/>
</testsuite> <!-- testBase.SeleniumGridDocker -->
