<?xml version="1.0" encoding="UTF-8"?>
<!-- Generated by org.testng.reporters.JUnitReportReporter -->
<testsuite hostname="DESKTOP-I50VSOQ" failures="0" tests="1" name="testCases.Browserstack_Jenkins" time="1.566" errors="0" timestamp="2025-05-08T12:26:41 PDT" skipped="0">
  <testcase classname="testCases.Browserstack_Jenkins" name="validateUI" time="1.566"/>
  <system-out/>
</testsuite> <!-- testCases.Browserstack_Jenkins -->
