<?xml version="1.0" encoding="UTF-8"?>
<!-- Generated by org.testng.reporters.JUnitReportReporter -->
<testsuite hostname="DESKTOP-I50VSOQ" failures="0" tests="1" name="restAssuredDemo.SumValidation" time="2.209" errors="0" timestamp="2023-06-29T01:56:45 PDT" skipped="0">
  <testcase classname="restAssuredDemo.SumValidation" name="SumofCourses" time="2.209"/>
  <system-out/>
</testsuite> <!-- restAssuredDemo.SumValidation -->
